2021-12-06T16:19:07+00:00 CRITICAL Uncaught Error: Call to undefined method Automattic\WooCommerce\Blocks\StoreApi\Schemas\ProductCollectionDataSchema::get_collection_params() in E:\CMS_NhomI\wp-content\plugins\woocommerce\packages\woocommerce-blocks\src\StoreApi\Routes\ProductCollectionData.php:158
Stack trace:
#0 E:\CMS_NhomI\wp-content\plugins\woocommerce\packages\woocommerce-blocks\src\StoreApi\Routes\ProductCollectionData.php(35): Automattic\WooCommerce\Blocks\StoreApi\Routes\ProductCollectionData->get_collection_params()
#1 E:\CMS_NhomI\wp-content\plugins\woocommerce\packages\woocommerce-blocks\src\StoreApi\RoutesController.php(62): Automattic\WooCommerce\Blocks\StoreApi\Routes\ProductCollectionData->get_args()
#2 E:\CMS_NhomI\wp-content\plugins\woocommerce\packages\woocommerce-blocks\src\RestApi.php(46): Automattic\WooCommerce\Blocks\StoreApi\RoutesController->register_routes()
#3 E:\CMS_NhomI\wp-includes\class-wp-hook.php(303): Automattic\WooCommerce\Blocks\RestApi->register_rest_routes(Object(WP_REST_Server))
#4 E:\CMS_NhomI\wp-includ in E:\CMS_NhomI\wp-content\plugins\woocommerce\packages\woocommerce-blocks\src\StoreApi\Routes\ProductCollectionData.php on line 158

2021-12-06T16:19:07+00:00 CRITICAL Uncaught Error: Call to undefined method Automattic\WooCommerce\Blocks\StoreApi\Schemas\ProductCollectionDataSchema::get_collection_params() in E:\CMS_NhomI\wp-content\plugins\woocommerce\packages\woocommerce-blocks\src\StoreApi\Routes\ProductCollectionData.php:158
Stack trace:
#0 E:\CMS_NhomI\wp-content\plugins\woocommerce\packages\woocommerce-blocks\src\StoreApi\Routes\ProductCollectionData.php(35): Automattic\WooCommerce\Blocks\StoreApi\Routes\ProductCollectionData->get_collection_params()
#1 E:\CMS_NhomI\wp-content\plugins\woocommerce\packages\woocommerce-blocks\src\StoreApi\RoutesController.php(62): Automattic\WooCommerce\Blocks\StoreApi\Routes\ProductCollectionData->get_args()
#2 E:\CMS_NhomI\wp-content\plugins\woocommerce\packages\woocommerce-blocks\src\RestApi.php(46): Automattic\WooCommerce\Blocks\StoreApi\RoutesController->register_routes()
#3 E:\CMS_NhomI\wp-includes\class-wp-hook.php(303): Automattic\WooCommerce\Blocks\RestApi->register_rest_routes(Object(WP_REST_Server))
#4 E:\CMS_NhomI\wp-includ in E:\CMS_NhomI\wp-content\plugins\woocommerce\packages\woocommerce-blocks\src\StoreApi\Routes\ProductCollectionData.php on line 158

2021-12-06T16:20:31+00:00 CRITICAL Uncaught Error: Call to undefined method Automattic\WooCommerce\Blocks\StoreApi\Schemas\ProductCollectionDataSchema::get_collection_params() in E:\CMS_NhomI\wp-content\plugins\woocommerce\packages\woocommerce-blocks\src\StoreApi\Routes\ProductCollectionData.php:158
Stack trace:
#0 E:\CMS_NhomI\wp-content\plugins\woocommerce\packages\woocommerce-blocks\src\StoreApi\Routes\ProductCollectionData.php(35): Automattic\WooCommerce\Blocks\StoreApi\Routes\ProductCollectionData->get_collection_params()
#1 E:\CMS_NhomI\wp-content\plugins\woocommerce\packages\woocommerce-blocks\src\StoreApi\RoutesController.php(62): Automattic\WooCommerce\Blocks\StoreApi\Routes\ProductCollectionData->get_args()
#2 E:\CMS_NhomI\wp-content\plugins\woocommerce\packages\woocommerce-blocks\src\RestApi.php(46): Automattic\WooCommerce\Blocks\StoreApi\RoutesController->register_routes()
#3 E:\CMS_NhomI\wp-includes\class-wp-hook.php(303): Automattic\WooCommerce\Blocks\RestApi->register_rest_routes(Object(WP_REST_Server))
#4 E:\CMS_NhomI\wp-includ in E:\CMS_NhomI\wp-content\plugins\woocommerce\packages\woocommerce-blocks\src\StoreApi\Routes\ProductCollectionData.php on line 158

2021-12-06T16:20:43+00:00 CRITICAL Uncaught Error: Call to undefined method Automattic\WooCommerce\Blocks\StoreApi\Schemas\ProductCollectionDataSchema::get_collection_params() in E:\CMS_NhomI\wp-content\plugins\woocommerce\packages\woocommerce-blocks\src\StoreApi\Routes\ProductCollectionData.php:158
Stack trace:
#0 E:\CMS_NhomI\wp-content\plugins\woocommerce\packages\woocommerce-blocks\src\StoreApi\Routes\ProductCollectionData.php(35): Automattic\WooCommerce\Blocks\StoreApi\Routes\ProductCollectionData->get_collection_params()
#1 E:\CMS_NhomI\wp-content\plugins\woocommerce\packages\woocommerce-blocks\src\StoreApi\RoutesController.php(62): Automattic\WooCommerce\Blocks\StoreApi\Routes\ProductCollectionData->get_args()
#2 E:\CMS_NhomI\wp-content\plugins\woocommerce\packages\woocommerce-blocks\src\RestApi.php(46): Automattic\WooCommerce\Blocks\StoreApi\RoutesController->register_routes()
#3 E:\CMS_NhomI\wp-includes\class-wp-hook.php(303): Automattic\WooCommerce\Blocks\RestApi->register_rest_routes(Object(WP_REST_Server))
#4 E:\CMS_NhomI\wp-includ in E:\CMS_NhomI\wp-content\plugins\woocommerce\packages\woocommerce-blocks\src\StoreApi\Routes\ProductCollectionData.php on line 158

2021-12-06T16:21:34+00:00 CRITICAL Uncaught Error: Call to undefined method Automattic\WooCommerce\Blocks\StoreApi\Schemas\ProductCollectionDataSchema::get_collection_params() in E:\CMS_NhomI\wp-content\plugins\woocommerce\packages\woocommerce-blocks\src\StoreApi\Routes\ProductCollectionData.php:158
Stack trace:
#0 E:\CMS_NhomI\wp-content\plugins\woocommerce\packages\woocommerce-blocks\src\StoreApi\Routes\ProductCollectionData.php(35): Automattic\WooCommerce\Blocks\StoreApi\Routes\ProductCollectionData->get_collection_params()
#1 E:\CMS_NhomI\wp-content\plugins\woocommerce\packages\woocommerce-blocks\src\StoreApi\RoutesController.php(62): Automattic\WooCommerce\Blocks\StoreApi\Routes\ProductCollectionData->get_args()
#2 E:\CMS_NhomI\wp-content\plugins\woocommerce\packages\woocommerce-blocks\src\RestApi.php(46): Automattic\WooCommerce\Blocks\StoreApi\RoutesController->register_routes()
#3 E:\CMS_NhomI\wp-includes\class-wp-hook.php(303): Automattic\WooCommerce\Blocks\RestApi->register_rest_routes(Object(WP_REST_Server))
#4 E:\CMS_NhomI\wp-includ in E:\CMS_NhomI\wp-content\plugins\woocommerce\packages\woocommerce-blocks\src\StoreApi\Routes\ProductCollectionData.php on line 158

2021-12-06T16:21:49+00:00 CRITICAL Uncaught Error: Call to undefined method Automattic\WooCommerce\Blocks\StoreApi\Schemas\ProductCollectionDataSchema::get_collection_params() in E:\CMS_NhomI\wp-content\plugins\woocommerce\packages\woocommerce-blocks\src\StoreApi\Routes\ProductCollectionData.php:158
Stack trace:
#0 E:\CMS_NhomI\wp-content\plugins\woocommerce\packages\woocommerce-blocks\src\StoreApi\Routes\ProductCollectionData.php(35): Automattic\WooCommerce\Blocks\StoreApi\Routes\ProductCollectionData->get_collection_params()
#1 E:\CMS_NhomI\wp-content\plugins\woocommerce\packages\woocommerce-blocks\src\StoreApi\RoutesController.php(62): Automattic\WooCommerce\Blocks\StoreApi\Routes\ProductCollectionData->get_args()
#2 E:\CMS_NhomI\wp-content\plugins\woocommerce\packages\woocommerce-blocks\src\RestApi.php(46): Automattic\WooCommerce\Blocks\StoreApi\RoutesController->register_routes()
#3 E:\CMS_NhomI\wp-includes\class-wp-hook.php(303): Automattic\WooCommerce\Blocks\RestApi->register_rest_routes(Object(WP_REST_Server))
#4 E:\CMS_NhomI\wp-includ in E:\CMS_NhomI\wp-content\plugins\woocommerce\packages\woocommerce-blocks\src\StoreApi\Routes\ProductCollectionData.php on line 158

2021-12-06T16:21:52+00:00 CRITICAL Uncaught Error: Call to undefined method Automattic\WooCommerce\Blocks\StoreApi\Schemas\ProductCollectionDataSchema::get_collection_params() in E:\CMS_NhomI\wp-content\plugins\woocommerce\packages\woocommerce-blocks\src\StoreApi\Routes\ProductCollectionData.php:158
Stack trace:
#0 E:\CMS_NhomI\wp-content\plugins\woocommerce\packages\woocommerce-blocks\src\StoreApi\Routes\ProductCollectionData.php(35): Automattic\WooCommerce\Blocks\StoreApi\Routes\ProductCollectionData->get_collection_params()
#1 E:\CMS_NhomI\wp-content\plugins\woocommerce\packages\woocommerce-blocks\src\StoreApi\RoutesController.php(62): Automattic\WooCommerce\Blocks\StoreApi\Routes\ProductCollectionData->get_args()
#2 E:\CMS_NhomI\wp-content\plugins\woocommerce\packages\woocommerce-blocks\src\RestApi.php(46): Automattic\WooCommerce\Blocks\StoreApi\RoutesController->register_routes()
#3 E:\CMS_NhomI\wp-includes\class-wp-hook.php(303): Automattic\WooCommerce\Blocks\RestApi->register_rest_routes(Object(WP_REST_Server))
#4 E:\CMS_NhomI\wp-includ in E:\CMS_NhomI\wp-content\plugins\woocommerce\packages\woocommerce-blocks\src\StoreApi\Routes\ProductCollectionData.php on line 158

2021-12-06T16:22:24+00:00 CRITICAL Uncaught Error: Call to undefined method Automattic\WooCommerce\Blocks\StoreApi\Schemas\ProductCollectionDataSchema::get_collection_params() in E:\CMS_NhomI\wp-content\plugins\woocommerce\packages\woocommerce-blocks\src\StoreApi\Routes\ProductCollectionData.php:158
Stack trace:
#0 E:\CMS_NhomI\wp-content\plugins\woocommerce\packages\woocommerce-blocks\src\StoreApi\Routes\ProductCollectionData.php(35): Automattic\WooCommerce\Blocks\StoreApi\Routes\ProductCollectionData->get_collection_params()
#1 E:\CMS_NhomI\wp-content\plugins\woocommerce\packages\woocommerce-blocks\src\StoreApi\RoutesController.php(62): Automattic\WooCommerce\Blocks\StoreApi\Routes\ProductCollectionData->get_args()
#2 E:\CMS_NhomI\wp-content\plugins\woocommerce\packages\woocommerce-blocks\src\RestApi.php(46): Automattic\WooCommerce\Blocks\StoreApi\RoutesController->register_routes()
#3 E:\CMS_NhomI\wp-includes\class-wp-hook.php(303): Automattic\WooCommerce\Blocks\RestApi->register_rest_routes(Object(WP_REST_Server))
#4 E:\CMS_NhomI\wp-includ in E:\CMS_NhomI\wp-content\plugins\woocommerce\packages\woocommerce-blocks\src\StoreApi\Routes\ProductCollectionData.php on line 158

2021-12-06T16:22:25+00:00 CRITICAL Uncaught Error: Call to undefined method Automattic\WooCommerce\Blocks\StoreApi\Schemas\ProductCollectionDataSchema::get_collection_params() in E:\CMS_NhomI\wp-content\plugins\woocommerce\packages\woocommerce-blocks\src\StoreApi\Routes\ProductCollectionData.php:158
Stack trace:
#0 E:\CMS_NhomI\wp-content\plugins\woocommerce\packages\woocommerce-blocks\src\StoreApi\Routes\ProductCollectionData.php(35): Automattic\WooCommerce\Blocks\StoreApi\Routes\ProductCollectionData->get_collection_params()
#1 E:\CMS_NhomI\wp-content\plugins\woocommerce\packages\woocommerce-blocks\src\StoreApi\RoutesController.php(62): Automattic\WooCommerce\Blocks\StoreApi\Routes\ProductCollectionData->get_args()
#2 E:\CMS_NhomI\wp-content\plugins\woocommerce\packages\woocommerce-blocks\src\RestApi.php(46): Automattic\WooCommerce\Blocks\StoreApi\RoutesController->register_routes()
#3 E:\CMS_NhomI\wp-includes\class-wp-hook.php(303): Automattic\WooCommerce\Blocks\RestApi->register_rest_routes(Object(WP_REST_Server))
#4 E:\CMS_NhomI\wp-includ in E:\CMS_NhomI\wp-content\plugins\woocommerce\packages\woocommerce-blocks\src\StoreApi\Routes\ProductCollectionData.php on line 158

2021-12-06T16:23:41+00:00 CRITICAL Uncaught Error: Call to undefined method Automattic\WooCommerce\Blocks\StoreApi\Schemas\ProductCollectionDataSchema::get_collection_params() in E:\CMS_NhomI\wp-content\plugins\woocommerce\packages\woocommerce-blocks\src\StoreApi\Routes\ProductCollectionData.php:158
Stack trace:
#0 E:\CMS_NhomI\wp-content\plugins\woocommerce\packages\woocommerce-blocks\src\StoreApi\Routes\ProductCollectionData.php(35): Automattic\WooCommerce\Blocks\StoreApi\Routes\ProductCollectionData->get_collection_params()
#1 E:\CMS_NhomI\wp-content\plugins\woocommerce\packages\woocommerce-blocks\src\StoreApi\RoutesController.php(62): Automattic\WooCommerce\Blocks\StoreApi\Routes\ProductCollectionData->get_args()
#2 E:\CMS_NhomI\wp-content\plugins\woocommerce\packages\woocommerce-blocks\src\RestApi.php(46): Automattic\WooCommerce\Blocks\StoreApi\RoutesController->register_routes()
#3 E:\CMS_NhomI\wp-includes\class-wp-hook.php(303): Automattic\WooCommerce\Blocks\RestApi->register_rest_routes(Object(WP_REST_Server))
#4 E:\CMS_NhomI\wp-includ in E:\CMS_NhomI\wp-content\plugins\woocommerce\packages\woocommerce-blocks\src\StoreApi\Routes\ProductCollectionData.php on line 158

2021-12-06T16:23:58+00:00 CRITICAL Uncaught Error: Call to undefined method Automattic\WooCommerce\Blocks\StoreApi\Schemas\ProductCollectionDataSchema::get_collection_params() in E:\CMS_NhomI\wp-content\plugins\woocommerce\packages\woocommerce-blocks\src\StoreApi\Routes\ProductCollectionData.php:158
Stack trace:
#0 E:\CMS_NhomI\wp-content\plugins\woocommerce\packages\woocommerce-blocks\src\StoreApi\Routes\ProductCollectionData.php(35): Automattic\WooCommerce\Blocks\StoreApi\Routes\ProductCollectionData->get_collection_params()
#1 E:\CMS_NhomI\wp-content\plugins\woocommerce\packages\woocommerce-blocks\src\StoreApi\RoutesController.php(62): Automattic\WooCommerce\Blocks\StoreApi\Routes\ProductCollectionData->get_args()
#2 E:\CMS_NhomI\wp-content\plugins\woocommerce\packages\woocommerce-blocks\src\RestApi.php(46): Automattic\WooCommerce\Blocks\StoreApi\RoutesController->register_routes()
#3 E:\CMS_NhomI\wp-includes\class-wp-hook.php(303): Automattic\WooCommerce\Blocks\RestApi->register_rest_routes(Object(WP_REST_Server))
#4 E:\CMS_NhomI\wp-includ in E:\CMS_NhomI\wp-content\plugins\woocommerce\packages\woocommerce-blocks\src\StoreApi\Routes\ProductCollectionData.php on line 158

2021-12-06T16:24:09+00:00 CRITICAL Uncaught Error: Call to undefined method Automattic\WooCommerce\Blocks\StoreApi\Schemas\ProductCollectionDataSchema::get_collection_params() in E:\CMS_NhomI\wp-content\plugins\woocommerce\packages\woocommerce-blocks\src\StoreApi\Routes\ProductCollectionData.php:158
Stack trace:
#0 E:\CMS_NhomI\wp-content\plugins\woocommerce\packages\woocommerce-blocks\src\StoreApi\Routes\ProductCollectionData.php(35): Automattic\WooCommerce\Blocks\StoreApi\Routes\ProductCollectionData->get_collection_params()
#1 E:\CMS_NhomI\wp-content\plugins\woocommerce\packages\woocommerce-blocks\src\StoreApi\RoutesController.php(62): Automattic\WooCommerce\Blocks\StoreApi\Routes\ProductCollectionData->get_args()
#2 E:\CMS_NhomI\wp-content\plugins\woocommerce\packages\woocommerce-blocks\src\RestApi.php(46): Automattic\WooCommerce\Blocks\StoreApi\RoutesController->register_routes()
#3 E:\CMS_NhomI\wp-includes\class-wp-hook.php(303): Automattic\WooCommerce\Blocks\RestApi->register_rest_routes(Object(WP_REST_Server))
#4 E:\CMS_NhomI\wp-includ in E:\CMS_NhomI\wp-content\plugins\woocommerce\packages\woocommerce-blocks\src\StoreApi\Routes\ProductCollectionData.php on line 158

