2021-12-06T08:00:25+00:00 CRITICAL Object of class WP_Post could not be converted to string in C:\Users\nguye\Documents\02_Temp\00hk5\cms\training-cms\wp-includes\post-template.php on line 287

2021-12-06T08:01:08+00:00 CRITICAL Object of class WP_Post could not be converted to string in C:\Users\nguye\Documents\02_Temp\00hk5\cms\training-cms\wp-includes\post-template.php on line 287

2021-12-06T08:01:12+00:00 CRITICAL Object of class WP_Post could not be converted to string in C:\Users\nguye\Documents\02_Temp\00hk5\cms\training-cms\wp-includes\post-template.php on line 287

2021-12-06T08:14:04+00:00 CRITICAL Object of class WP_Post could not be converted to string in C:\Users\nguye\Documents\02_Temp\00hk5\cms\training-cms\wp-includes\post-template.php on line 285

2021-12-06T12:02:46+00:00 CRITICAL Object of class WP_Post could not be converted to string in C:\Users\nguye\Documents\02_Temp\00hk5\cms\training-cms\wp-content\themes\storefront\inc\storefront-template-functions.php on line 380

2021-12-06T12:05:58+00:00 CRITICAL Object of class WP_Post could not be converted to string in C:\Users\nguye\Documents\02_Temp\00hk5\cms\training-cms\wp-content\themes\storefront\inc\storefront-template-functions.php on line 380

2021-12-06T12:41:15+00:00 CRITICAL Uncaught Error: Cannot use object of type WP_Term as array in C:\Users\nguye\Documents\02_Temp\00hk5\cms\training-cms\wp-content\themes\storefront\inc\storefront-template-functions.php:368
Stack trace:
#0 C:\Users\nguye\Documents\02_Temp\00hk5\cms\training-cms\wp-includes\class-wp-hook.php(303): storefront_page_content('')
#1 C:\Users\nguye\Documents\02_Temp\00hk5\cms\training-cms\wp-includes\class-wp-hook.php(327): WP_Hook->apply_filters(NULL, Array)
#2 C:\Users\nguye\Documents\02_Temp\00hk5\cms\training-cms\wp-includes\plugin.php(470): WP_Hook->do_action(Array)
#3 C:\Users\nguye\Documents\02_Temp\00hk5\cms\training-cms\wp-content\themes\storefront\content-homepage.php(22): do_action('storefront_home...')
#4 C:\Users\nguye\Documents\02_Temp\00hk5\cms\training-cms\wp-includes\template.php(772): require('C:\\Users\\nguye\\...')
#5 C:\Users\nguye\Documents\02_Temp\00hk5\cms\training-cms\wp-includes\template.php(716): load_template('C:\\Users\\nguye\\...', false, Array)
#6 C:\Users\nguye\Documents\02_Temp\00hk5\ in C:\Users\nguye\Documents\02_Temp\00hk5\cms\training-cms\wp-content\themes\storefront\inc\storefront-template-functions.php on line 368

2021-12-06T12:41:32+00:00 CRITICAL Uncaught Error: Cannot use object of type WP_Term as array in C:\Users\nguye\Documents\02_Temp\00hk5\cms\training-cms\wp-content\themes\storefront\inc\storefront-template-functions.php:368
Stack trace:
#0 C:\Users\nguye\Documents\02_Temp\00hk5\cms\training-cms\wp-includes\class-wp-hook.php(303): storefront_page_content('')
#1 C:\Users\nguye\Documents\02_Temp\00hk5\cms\training-cms\wp-includes\class-wp-hook.php(327): WP_Hook->apply_filters(NULL, Array)
#2 C:\Users\nguye\Documents\02_Temp\00hk5\cms\training-cms\wp-includes\plugin.php(470): WP_Hook->do_action(Array)
#3 C:\Users\nguye\Documents\02_Temp\00hk5\cms\training-cms\wp-content\themes\storefront\content-homepage.php(22): do_action('storefront_home...')
#4 C:\Users\nguye\Documents\02_Temp\00hk5\cms\training-cms\wp-includes\template.php(772): require('C:\\Users\\nguye\\...')
#5 C:\Users\nguye\Documents\02_Temp\00hk5\cms\training-cms\wp-includes\template.php(716): load_template('C:\\Users\\nguye\\...', false, Array)
#6 C:\Users\nguye\Documents\02_Temp\00hk5\ in C:\Users\nguye\Documents\02_Temp\00hk5\cms\training-cms\wp-content\themes\storefront\inc\storefront-template-functions.php on line 368

2021-12-06T12:41:51+00:00 CRITICAL Uncaught Error: Cannot use object of type WP_Term as array in C:\Users\nguye\Documents\02_Temp\00hk5\cms\training-cms\wp-content\themes\storefront\inc\storefront-template-functions.php:368
Stack trace:
#0 C:\Users\nguye\Documents\02_Temp\00hk5\cms\training-cms\wp-includes\class-wp-hook.php(303): storefront_page_content('')
#1 C:\Users\nguye\Documents\02_Temp\00hk5\cms\training-cms\wp-includes\class-wp-hook.php(327): WP_Hook->apply_filters(NULL, Array)
#2 C:\Users\nguye\Documents\02_Temp\00hk5\cms\training-cms\wp-includes\plugin.php(470): WP_Hook->do_action(Array)
#3 C:\Users\nguye\Documents\02_Temp\00hk5\cms\training-cms\wp-content\themes\storefront\content-homepage.php(22): do_action('storefront_home...')
#4 C:\Users\nguye\Documents\02_Temp\00hk5\cms\training-cms\wp-includes\template.php(772): require('C:\\Users\\nguye\\...')
#5 C:\Users\nguye\Documents\02_Temp\00hk5\cms\training-cms\wp-includes\template.php(716): load_template('C:\\Users\\nguye\\...', false, Array)
#6 C:\Users\nguye\Documents\02_Temp\00hk5\ in C:\Users\nguye\Documents\02_Temp\00hk5\cms\training-cms\wp-content\themes\storefront\inc\storefront-template-functions.php on line 368

2021-12-06T12:41:55+00:00 CRITICAL Uncaught Error: Cannot use object of type WP_Term as array in C:\Users\nguye\Documents\02_Temp\00hk5\cms\training-cms\wp-content\themes\storefront\inc\storefront-template-functions.php:368
Stack trace:
#0 C:\Users\nguye\Documents\02_Temp\00hk5\cms\training-cms\wp-includes\class-wp-hook.php(303): storefront_page_content('')
#1 C:\Users\nguye\Documents\02_Temp\00hk5\cms\training-cms\wp-includes\class-wp-hook.php(327): WP_Hook->apply_filters(NULL, Array)
#2 C:\Users\nguye\Documents\02_Temp\00hk5\cms\training-cms\wp-includes\plugin.php(470): WP_Hook->do_action(Array)
#3 C:\Users\nguye\Documents\02_Temp\00hk5\cms\training-cms\wp-content\themes\storefront\content-homepage.php(22): do_action('storefront_home...')
#4 C:\Users\nguye\Documents\02_Temp\00hk5\cms\training-cms\wp-includes\template.php(772): require('C:\\Users\\nguye\\...')
#5 C:\Users\nguye\Documents\02_Temp\00hk5\cms\training-cms\wp-includes\template.php(716): load_template('C:\\Users\\nguye\\...', false, Array)
#6 C:\Users\nguye\Documents\02_Temp\00hk5\ in C:\Users\nguye\Documents\02_Temp\00hk5\cms\training-cms\wp-content\themes\storefront\inc\storefront-template-functions.php on line 368

